2022-12-09 17:12:47,664	INFO	b**********@g****.com	获得了 486MB 流量.
2022-12-09 17:21:47,578	INFO	b**********@g****.com	您似乎已经签到过了...
2022-12-09 10:09:58,264	INFO	b**********@g****.com	您似乎已经签到过了...
2022-12-09 10:18:44,444	INFO	b**********@g****.com	您似乎已经签到过了...
2022-12-09 16:29:04,166	INFO	b**********@g****.com	获得了 309MB 流量.
2022-12-10 16:27:45,663	INFO	b**********@g****.com	获得了 335MB 流量.
2022-12-11 16:27:27,447	INFO	b**********@g****.com	获得了 344MB 流量.
2022-12-12 16:30:32,608	INFO	b**********@g****.com	获得了 432MB 流量.
2022-12-13 16:29:47,271	INFO	b**********@g****.com	获得了 300MB 流量.
2022-12-14 16:29:50,968	INFO	b**********@g****.com	获得了 499MB 流量.
2022-12-15 16:30:14,599	INFO	b**********@g****.com	获得了 325MB 流量.
2022-12-16 16:27:39,197	INFO	b**********@g****.com	获得了 446MB 流量.
2022-12-17 16:25:25,032	INFO	b**********@g****.com	获得了 473MB 流量.
2022-12-18 16:25:47,109	INFO	b**********@g****.com	获得了 477MB 流量.
2022-12-19 16:30:16,895	INFO	b**********@g****.com	获得了 425MB 流量.
2022-12-20 16:29:05,656	INFO	b**********@g****.com	获得了 332MB 流量.
2022-12-21 16:28:58,861	INFO	b**********@g****.com	获得了 316MB 流量.
2022-12-22 16:27:48,190	INFO	b**********@g****.com	获得了 388MB 流量.
2022-12-23 16:27:09,040	INFO	b**********@g****.com	获得了 305MB 流量.
2022-12-24 16:26:22,576	INFO	b**********@g****.com	获得了 392MB 流量.
2022-12-25 16:25:56,920	INFO	b**********@g****.com	获得了 444MB 流量.
2022-12-26 16:26:26,158	INFO	b**********@g****.com	获得了 431MB 流量.
2022-12-27 16:26:43,785	INFO	b**********@g****.com	获得了 410MB 流量.
2022-12-27 20:04:16,311	INFO	1**@d********.cn	获得了 396MB 流量.
2022-12-27 20:04:17,784	INFO	h*******@1**.com	获得了 383MB 流量.
2022-12-28 16:29:12,306	INFO	1**@d********.cn	获得了 315MB 流量.
2022-12-28 16:29:13,606	INFO	h*******@1**.com	获得了 366MB 流量.
2022-12-29 16:29:35,904	INFO	1**@d********.cn	获得了 487MB 流量.
2022-12-29 16:29:37,256	INFO	h*******@1**.com	获得了 401MB 流量.
2022-12-30 12:37:41,400	INFO	1**@d********.cn	您似乎已经签到过了...
2022-12-30 12:37:42,641	INFO	h*******@1**.com	您似乎已经签到过了...
2022-12-30 16:28:18,492	INFO	1**@d********.cn	获得了 411MB 流量.
2022-12-30 16:28:20,046	INFO	h*******@1**.com	获得了 492MB 流量.
2022-12-31 16:27:58,270	INFO	1**@d********.cn	获得了 335MB 流量.
2022-12-31 16:27:59,805	INFO	h*******@1**.com	获得了 420MB 流量.
2023-01-01 16:28:08,145	INFO	1**@d********.cn	获得了 367MB 流量.
2023-01-01 16:28:09,511	INFO	h*******@1**.com	获得了 449MB 流量.
2023-01-02 16:29:09,344	INFO	1**@d********.cn	获得了 369MB 流量.
2023-01-02 16:29:10,826	INFO	h*******@1**.com	获得了 379MB 流量.
2023-01-03 16:31:02,508	INFO	1**@d********.cn	获得了 388MB 流量.
2023-01-03 16:31:04,160	INFO	h*******@1**.com	获得了 456MB 流量.
2023-01-04 16:37:29,251	INFO	1**@d********.cn	获得了 491MB 流量.
2023-01-04 16:37:30,500	INFO	h*******@1**.com	获得了 481MB 流量.
2023-01-05 16:33:30,183	INFO	1**@d********.cn	获得了 431MB 流量.
2023-01-05 16:33:31,593	INFO	h*******@1**.com	获得了 374MB 流量.
2023-01-06 16:30:58,134	INFO	1**@d********.cn	获得了 317MB 流量.
2023-01-06 16:30:59,669	INFO	h*******@1**.com	获得了 411MB 流量.
2023-01-07 16:28:07,867	INFO	1**@d********.cn	获得了 370MB 流量.
2023-01-07 16:28:09,385	INFO	h*******@1**.com	获得了 427MB 流量.
2023-01-08 16:28:28,457	INFO	1**@d********.cn	获得了 447MB 流量.
2023-01-08 16:28:29,920	INFO	h*******@1**.com	获得了 327MB 流量.
2023-01-09 16:38:26,907	INFO	1**@d********.cn	获得了 334MB 流量.
2023-01-09 16:38:28,172	INFO	h*******@1**.com	获得了 430MB 流量.
2023-01-10 16:33:53,826	INFO	1**@d********.cn	获得了 409MB 流量.
2023-01-10 16:33:55,413	INFO	h*******@1**.com	获得了 454MB 流量.
2023-01-11 16:40:34,479	INFO	1**@d********.cn	获得了 445MB 流量.
2023-01-11 16:40:35,844	INFO	h*******@1**.com	获得了 339MB 流量.
2023-01-12 16:49:36,514	INFO	1**@d********.cn	获得了 427MB 流量.
2023-01-12 16:49:37,787	INFO	h*******@1**.com	获得了 470MB 流量.
2023-01-12 19:57:18,012	INFO	1**@d********.cn	您似乎已经签到过了...
2023-01-12 19:57:19,539	INFO	h*******@1**.com	您似乎已经签到过了...
2023-01-13 16:35:09,795	INFO	1**@d********.cn	获得了 497MB 流量.
2023-01-13 16:35:11,056	INFO	h*******@1**.com	获得了 416MB 流量.
2023-01-14 16:27:45,053	INFO	1**@d********.cn	获得了 475MB 流量.
2023-01-14 16:27:46,771	INFO	h*******@1**.com	获得了 387MB 流量.
2023-01-15 16:28:08,178	INFO	1**@d********.cn	获得了 360MB 流量.
2023-01-15 16:28:09,689	INFO	h*******@1**.com	获得了 425MB 流量.
2023-01-16 16:29:51,976	INFO	1**@d********.cn	获得了 328MB 流量.
2023-01-16 16:29:53,675	INFO	h*******@1**.com	获得了 474MB 流量.
2023-01-17 16:30:09,618	INFO	1**@d********.cn	获得了 332MB 流量.
2023-01-17 16:30:11,104	INFO	h*******@1**.com	获得了 302MB 流量.
2023-01-18 16:30:45,684	INFO	1**@d********.cn	获得了 472MB 流量.
2023-01-18 16:30:47,056	INFO	h*******@1**.com	获得了 407MB 流量.
2023-01-19 16:32:02,507	INFO	1**@d********.cn	获得了 368MB 流量.
2023-01-19 16:32:04,200	INFO	h*******@1**.com	获得了 300MB 流量.
2023-01-20 16:31:01,946	INFO	1**@d********.cn	获得了 387MB 流量.
2023-01-20 16:31:03,364	INFO	h*******@1**.com	获得了 403MB 流量.
2023-01-21 16:28:14,763	INFO	1**@d********.cn	获得了 438MB 流量.
2023-01-21 16:28:16,165	INFO	h*******@1**.com	获得了 495MB 流量.
2023-01-22 16:27:59,746	INFO	1**@d********.cn	获得了 446MB 流量.
2023-01-22 16:28:01,048	INFO	h*******@1**.com	获得了 410MB 流量.
2023-01-23 16:30:36,985	INFO	1**@d********.cn	获得了 384MB 流量.
2023-01-23 16:30:38,777	INFO	h*******@1**.com	获得了 343MB 流量.
2023-01-24 16:30:20,009	INFO	1**@d********.cn	获得了 471MB 流量.
2023-01-24 16:30:21,425	INFO	h*******@1**.com	获得了 339MB 流量.
2023-01-25 16:29:55,997	INFO	1**@d********.cn	获得了 416MB 流量.
2023-01-25 16:29:58,237	INFO	h*******@1**.com	获得了 455MB 流量.
2023-01-26 16:29:14,906	INFO	1**@d********.cn	获得了 414MB 流量.
2023-01-26 16:29:16,663	INFO	h*******@1**.com	获得了 437MB 流量.
2023-01-27 16:29:45,205	INFO	1**@d********.cn	获得了 369MB 流量.
2023-01-27 16:29:46,817	INFO	h*******@1**.com	获得了 455MB 流量.
2023-01-28 16:27:51,353	INFO	1**@d********.cn	获得了 470MB 流量.
2023-01-28 16:27:53,108	INFO	h*******@1**.com	获得了 318MB 流量.
2023-01-29 16:27:44,310	INFO	1**@d********.cn	获得了 485MB 流量.
2023-01-29 16:27:45,812	INFO	h*******@1**.com	获得了 320MB 流量.
2023-01-30 16:30:18,524	INFO	1**@d********.cn	获得了 401MB 流量.
2023-01-30 16:30:20,149	INFO	h*******@1**.com	获得了 424MB 流量.
2023-01-31 16:30:32,870	INFO	1**@d********.cn	获得了 405MB 流量.
2023-01-31 16:30:34,124	INFO	h*******@1**.com	获得了 354MB 流量.
2023-02-01 16:29:47,896	INFO	1**@d********.cn	获得了 372MB 流量.
2023-02-01 16:29:49,317	INFO	h*******@1**.com	获得了 307MB 流量.
2023-02-02 16:30:55,141	INFO	1**@d********.cn	获得了 399MB 流量.
2023-02-02 16:30:56,440	INFO	h*******@1**.com	获得了 444MB 流量.
2023-02-03 16:30:07,157	INFO	1**@d********.cn	获得了 410MB 流量.
2023-02-03 16:30:08,591	INFO	h*******@1**.com	获得了 418MB 流量.
2023-02-04 16:28:24,174	INFO	1**@d********.cn	获得了 387MB 流量.
2023-02-04 16:28:26,402	INFO	h*******@1**.com	获得了 322MB 流量.
2023-02-05 16:27:52,980	INFO	1**@d********.cn	获得了 443MB 流量.
2023-02-05 16:27:54,238	INFO	h*******@1**.com	获得了 416MB 流量.
2023-02-06 16:29:56,508	INFO	1**@d********.cn	获得了 439MB 流量.
2023-02-06 16:29:57,937	INFO	h*******@1**.com	获得了 462MB 流量.
2023-02-07 16:31:03,661	INFO	1**@d********.cn	获得了 375MB 流量.
2023-02-07 16:31:04,998	INFO	h*******@1**.com	获得了 363MB 流量.
2023-02-08 16:31:20,530	INFO	1**@d********.cn	获得了 340MB 流量.
2023-02-08 16:31:21,988	INFO	h*******@1**.com	获得了 439MB 流量.
2023-02-09 16:31:38,359	INFO	1**@d********.cn	获得了 479MB 流量.
2023-02-09 16:31:39,916	INFO	h*******@1**.com	获得了 424MB 流量.
2023-02-10 16:31:10,741	INFO	1**@d********.cn	获得了 500MB 流量.
2023-02-10 16:31:12,009	INFO	h*******@1**.com	获得了 310MB 流量.
2023-02-11 16:28:35,406	INFO	1**@d********.cn	获得了 310MB 流量.
2023-02-11 16:28:37,136	INFO	h*******@1**.com	获得了 316MB 流量.
2023-02-12 16:28:28,585	INFO	1**@d********.cn	获得了 483MB 流量.
2023-02-12 16:28:30,196	INFO	h*******@1**.com	获得了 487MB 流量.
2023-02-13 16:31:52,107	INFO	1**@d********.cn	获得了 393MB 流量.
2023-02-13 16:31:53,815	INFO	h*******@1**.com	获得了 343MB 流量.
2023-02-14 16:31:55,372	INFO	1**@d********.cn	获得了 361MB 流量.
2023-02-14 16:31:56,635	INFO	h*******@1**.com	获得了 315MB 流量.
2023-02-15 16:32:27,674	INFO	1**@d********.cn	获得了 380MB 流量.
2023-02-15 16:32:29,384	INFO	h*******@1**.com	获得了 475MB 流量.
2023-02-16 16:31:50,728	INFO	1**@d********.cn	获得了 496MB 流量.
2023-02-16 16:31:52,176	INFO	h*******@1**.com	获得了 363MB 流量.
2023-02-17 16:30:45,380	INFO	1**@d********.cn	获得了 375MB 流量.
2023-02-17 16:30:46,635	INFO	h*******@1**.com	获得了 360MB 流量.
2023-02-18 16:28:51,136	INFO	1**@d********.cn	获得了 414MB 流量.
2023-02-18 16:28:52,514	INFO	h*******@1**.com	获得了 389MB 流量.
2023-02-19 16:28:47,492	INFO	1**@d********.cn	获得了 381MB 流量.
2023-02-19 16:28:49,560	INFO	h*******@1**.com	获得了 493MB 流量.
2023-02-20 16:30:49,904	INFO	1**@d********.cn	获得了 485MB 流量.
2023-02-20 16:30:51,335	INFO	h*******@1**.com	获得了 449MB 流量.
2023-02-21 16:29:55,678	INFO	1**@d********.cn	获得了 445MB 流量.
2023-02-21 16:29:58,399	INFO	h*******@1**.com	获得了 455MB 流量.
2023-02-22 16:31:29,757	INFO	1**@d********.cn	获得了 378MB 流量.
2023-02-22 16:31:31,180	INFO	h*******@1**.com	获得了 416MB 流量.
2023-02-23 16:32:58,811	INFO	1**@d********.cn	获得了 312MB 流量.
2023-02-23 16:33:00,171	INFO	h*******@1**.com	获得了 444MB 流量.
2023-02-24 16:31:32,007	INFO	1**@d********.cn	获得了 423MB 流量.
2023-02-24 16:31:33,316	INFO	h*******@1**.com	获得了 303MB 流量.
2023-02-25 16:28:39,742	INFO	1**@d********.cn	获得了 474MB 流量.
2023-02-25 16:28:41,247	INFO	h*******@1**.com	获得了 465MB 流量.
2023-02-26 16:28:55,052	INFO	1**@d********.cn	获得了 388MB 流量.
2023-02-26 16:28:56,540	INFO	h*******@1**.com	获得了 340MB 流量.
2023-02-27 16:32:30,258	INFO	1**@d********.cn	获得了 369MB 流量.
2023-02-27 16:32:31,822	INFO	h*******@1**.com	获得了 420MB 流量.
2023-02-28 16:32:19,538	INFO	1**@d********.cn	获得了 425MB 流量.
2023-02-28 16:32:21,218	INFO	h*******@1**.com	获得了 449MB 流量.
2023-03-01 16:32:40,001	INFO	1**@d********.cn	获得了 364MB 流量.
2023-03-01 16:32:41,648	INFO	h*******@1**.com	获得了 412MB 流量.
